0 info it worked if it ends with ok
1 verbose cli [ '/usr/local/bin/node',
1 verbose cli   '/Users/petragulicher/.npm_packages/bin/npm',
1 verbose cli   'start' ]
2 info using npm@3.3.8
3 info using node@v4.1.2
4 verbose run-script [ 'prestart', 'start', 'poststart' ]
5 info lifecycle goodments-prototype@0.1.0~prestart: goodments-prototype@0.1.0
6 silly lifecycle goodments-prototype@0.1.0~prestart: no script for prestart, continuing
7 info lifecycle goodments-prototype@0.1.0~start: goodments-prototype@0.1.0
8 verbose lifecycle goodments-prototype@0.1.0~start: unsafe-perm in lifecycle true
9 verbose lifecycle goodments-prototype@0.1.0~start: PATH: /Users/petragulicher/.npm_packages/lib/node_modules/npm/bin/node-gyp-bin:/Users/petragulicher/Development/goodments-prototype/node_modules/.bin:/Users/petragulicher/Development/android-sdk-macosx/platform-tools:/Users/petragulicher/Development/android-sdk-macosx/tools:/usr/local/bin:/usr/local/sbin:/Users/petragulicher/.rbenv/shims:/Users/petragulicher/.rbenv/bin:/Users/petragulicher/.npm_packages/bin:/usr/bin:/bin:/usr/sbin:/sbin:/Users/petragulicher/.rvm/bin:/Users/petragulicher/.rvm/bin
10 verbose lifecycle goodments-prototype@0.1.0~start: CWD: /Users/petragulicher/Development/goodments-prototype
11 silly lifecycle goodments-prototype@0.1.0~start: Args: [ '-c', 'cd build && jekyll serve' ]
12 silly lifecycle goodments-prototype@0.1.0~start: Returned: code: 1  signal: null
13 info lifecycle goodments-prototype@0.1.0~start: Failed to exec start script
14 verbose stack Error: goodments-prototype@0.1.0 start: `cd build && jekyll serve`
14 verbose stack Exit status 1
14 verbose stack     at EventEmitter.<anonymous> (/Users/petragulicher/.npm_packages/lib/node_modules/npm/lib/utils/lifecycle.js:233:16)
14 verbose stack     at emitTwo (events.js:87:13)
14 verbose stack     at EventEmitter.emit (events.js:172:7)
14 verbose stack     at ChildProcess.<anonymous> (/Users/petragulicher/.npm_packages/lib/node_modules/npm/lib/utils/spawn.js:24:14)
14 verbose stack     at emitTwo (events.js:87:13)
14 verbose stack     at ChildProcess.emit (events.js:172:7)
14 verbose stack     at maybeClose (internal/child_process.js:818:16)
14 verbose stack     at Process.ChildProcess._handle.onexit (internal/child_process.js:211:5)
15 verbose pkgid goodments-prototype@0.1.0
16 verbose cwd /Users/petragulicher/Development/goodments-prototype
17 error Darwin 14.5.0
18 error argv "/usr/local/bin/node" "/Users/petragulicher/.npm_packages/bin/npm" "start"
19 error node v4.1.2
20 error npm  v3.3.8
21 error code ELIFECYCLE
22 error goodments-prototype@0.1.0 start: `cd build && jekyll serve`
22 error Exit status 1
23 error Failed at the goodments-prototype@0.1.0 start script 'cd build && jekyll serve'.
23 error This is most likely a problem with the goodments-prototype package,
23 error not with npm itself.
23 error Tell the author that this fails on your system:
23 error     cd build && jekyll serve
23 error You can get their info via:
23 error     npm owner ls goodments-prototype
23 error There is likely additional logging output above.
24 verbose exit [ 1, true ]
